ERROR: Pocophone X3 PRO Não esta conectado
INFO: Pocophone X3 PRO Esta conectado
INFO: Pocophone X3 PRO Ja esta conectado
INFO: Pocophone X3 PRO Ja esta conectado
INFO: Pocophone X3 PRO Ja esta conectado
INFO: Pocophone X3 PRO foi desligado com sucesso
ERROR: Pocophone X3 PRO Não esta conectado
INFO: Pocophone X3 PRO Esta conectado
INFO: Pocophone X3 PRO Ja esta conectado
INFO: Pocophone X3 PRO Ja esta conectado
INFO: Pocophone X3 PRO Ja esta conectado
INFO: Pocophone X3 PRO Ja esta conectado
INFO: Pocophone X3 PRO foi desligado com sucesso
ERROR: Pocophone X3 PRO Não esta conectado
INFO: Pocophone X3 PRO Esta conectado
INFO: Pocophone X3 PRO Ja esta conectado
INFO: Pocophone X3 PRO Ja esta conectado
INFO: Pocophone X3 PRO Ja esta conectado
INFO: Pocophone X3 PRO Ja esta conectado
INFO: Pocophone X3 PRO foi desligado com sucesso
ERROR: Pocophone X3 PRO Não esta conectado
INFO: Pocophone X3 PRO ESTÁ CONECTADO.
ERROR: Pocophone X3 PRO JÁ ESTÁ CONECTADO.
ERROR: Pocophone X3 PRO JÁ ESTÁ CONECTADO.
ERROR: Pocophone X3 PRO JÁ ESTÁ CONECTADO.
ERROR: Pocophone X3 PRO JÁ ESTÁ CONECTADO.
INFO: Pocophone X3 PRO foi deligado com sucesso.
ERROR: Pocophone X3 PRO NÃO ESTÁ CONECTADO.
